[debug] [2024-08-19T17:16:46.292Z] ----------------------------------------------------------------------
[debug] [2024-08-19T17:16:46.294Z] Command:       /usr/local/bin/node /usr/local/bin/firebase deploy
[debug] [2024-08-19T17:16:46.295Z] CLI Version:   13.15.2
[debug] [2024-08-19T17:16:46.295Z] Platform:      darwin
[debug] [2024-08-19T17:16:46.295Z] Node Version:  v22.0.0
[debug] [2024-08-19T17:16:46.295Z] Time:          Mon Aug 19 2024 19:16:46 GMT+0200 (Central European Summer Time)
[debug] [2024-08-19T17:16:46.295Z] ----------------------------------------------------------------------
[debug] 
[debug] [2024-08-19T17:16:46.349Z] > command requires scopes: ["email","openid","https://www.googleapis.com/auth/cloudplatformprojects.readonly","https://www.googleapis.com/auth/firebase","https://www.googleapis.com/auth/cloud-platform"]
[debug] [2024-08-19T17:16:46.349Z] > authorizing via signed-in user (vilinamogili423@gmail.com)
[debug] [2024-08-19T17:16:46.349Z] [iam] checking project dani-catering for permissions ["firebase.projects.get","firebasehosting.sites.update"]
[debug] [2024-08-19T17:16:46.351Z] >>> [apiv2][query] POST https://cloudresourcemanager.googleapis.com/v1/projects/dani-catering:testIamPermissions [none]
[debug] [2024-08-19T17:16:46.351Z] >>> [apiv2][(partial)header] POST https://cloudresourcemanager.googleapis.com/v1/projects/dani-catering:testIamPermissions x-goog-quota-user=projects/dani-catering
[debug] [2024-08-19T17:16:46.351Z] >>> [apiv2][body] POST https://cloudresourcemanager.googleapis.com/v1/projects/dani-catering:testIamPermissions {"permissions":["firebase.projects.get","firebasehosting.sites.update"]}
[debug] [2024-08-19T17:16:47.319Z] <<< [apiv2][status] POST https://cloudresourcemanager.googleapis.com/v1/projects/dani-catering:testIamPermissions 200
[debug] [2024-08-19T17:16:47.319Z] <<< [apiv2][body] POST https://cloudresourcemanager.googleapis.com/v1/projects/dani-catering:testIamPermissions {"permissions":["firebase.projects.get","firebasehosting.sites.update"]}
[debug] [2024-08-19T17:16:47.320Z] >>> [apiv2][query] GET https://firebase.googleapis.com/v1beta1/projects/dani-catering [none]
[debug] [2024-08-19T17:16:47.833Z] <<< [apiv2][status] GET https://firebase.googleapis.com/v1beta1/projects/dani-catering 200
[debug] [2024-08-19T17:16:47.833Z] <<< [apiv2][body] GET https://firebase.googleapis.com/v1beta1/projects/dani-catering {"projectId":"dani-catering","projectNumber":"517737759926","displayName":"Dani's Catering","name":"projects/dani-catering","resources":{"hostingSite":"dani-catering","storageBucket":"dani-catering.appspot.com","locationId":"europe-west"},"state":"ACTIVE","etag":"1_b4209bcf-bfbd-4836-b1cf-6e91b71be224"}
[debug] [2024-08-19T17:16:49.499Z] defaultcredentials: writing to file /Users/velislavvetsin/.config/firebase/vilinamogili423_gmail_com_application_default_credentials.json
[debug] [2024-08-19T17:16:49.502Z] >>> [apiv2][query] GET https://firebasehosting.googleapis.com/v1beta1/projects/dani-catering/sites pageToken=&pageSize=10
[debug] [2024-08-19T17:16:51.269Z] <<< [apiv2][status] GET https://firebasehosting.googleapis.com/v1beta1/projects/dani-catering/sites 200
[debug] [2024-08-19T17:16:51.269Z] <<< [apiv2][body] GET https://firebasehosting.googleapis.com/v1beta1/projects/dani-catering/sites {"sites":[{"name":"projects/dani-catering/sites/dani-catering","defaultUrl":"https://dani-catering.web.app","type":"DEFAULT_SITE"}]}
[debug] [2024-08-19T17:16:51.270Z] >>> [apiv2][query] GET https://firebasehosting.googleapis.com/v1beta1/projects/dani-catering/sites 
[debug] [2024-08-19T17:16:52.027Z] <<< [apiv2][status] GET https://firebasehosting.googleapis.com/v1beta1/projects/dani-catering/sites 200
[debug] [2024-08-19T17:16:52.027Z] <<< [apiv2][body] GET https://firebasehosting.googleapis.com/v1beta1/projects/dani-catering/sites {"sites":[{"name":"projects/dani-catering/sites/dani-catering","defaultUrl":"https://dani-catering.web.app","type":"DEFAULT_SITE"}]}
[debug] [2024-08-19T17:16:52.027Z] >>> [apiv2][query] GET https://firebase.googleapis.com/v1beta1/projects/dani-catering/webApps/-/config [none]
[debug] [2024-08-19T17:16:52.687Z] <<< [apiv2][status] GET https://firebase.googleapis.com/v1beta1/projects/dani-catering/webApps/-/config 200
[debug] [2024-08-19T17:16:52.687Z] <<< [apiv2][body] GET https://firebase.googleapis.com/v1beta1/projects/dani-catering/webApps/-/config {"projectId":"dani-catering","appId":"1:517737759926:web:8936517f2b3e2467e65217","storageBucket":"dani-catering.appspot.com","locationId":"europe-west","apiKey":"AIzaSyBhMM5OnVPZxbDWw9zl9jpxIaUiOJgUD-Q","authDomain":"dani-catering.firebaseapp.com","messagingSenderId":"517737759926","measurementId":"G-WM4RB2Q7WV"}
[info] 
   Thank you for trying our experimental support for SvelteKit on Firebase Hosting.
   While this integration is maintained by Googlers it is not a supported Firebase product.
   Issues filed on GitHub will be addressed on a best-effort basis by maintainers and other community members.

   Documentation: https://firebase.google.com/docs/hosting/frameworks/frameworks-overview
   File a bug: https://github.com/firebase/firebase-tools/issues/new?template=bug_report.md
   Submit a feature request: https://github.com/firebase/firebase-tools/issues/new?template=feature_request.md

   We'd love to learn from you. Express your interest in helping us shape the future of Firebase Hosting: https://goo.gle/41enW5X

[warn] ⚠  This integration expects Node version 16, 18, or 20. You're running version 22, problems may be encountered. 
[debug] [2024-08-19T17:17:14.798Z] Error: Command failed: npm i --omit dev --no-audit
    at genericNodeError (node:internal/errors:984:15)
    at wrappedFn (node:internal/errors:538:14)
    at checkExecSyncError (node:child_process:890:11)
    at execSync (node:child_process:962:15)
    at prepareFrameworks (/usr/local/lib/node_modules/firebase-tools/lib/frameworks/index.js:371:42)
    at async deploy (/usr/local/lib/node_modules/firebase-tools/lib/deploy/index.js:57:13)
[error] 
[error] Error: An unexpected error has occurred.
